<?xml version="1.0" encoding="UTF-8"?>
<!-- Generated by org.testng.reporters.JUnitXMLReporter -->
<testsuite hostname="user-PC" ignored="0" name="Test" tests="2" failures="0" timestamp="02 Jun 2018 07:52:49 GMT" time="52.25" errors="0">
  <testcase name="@AfterMethod closeBroweser" time="0.0" classname="Library.BaseTest">
    <failure type="org.testng.TestNGException" message="
Can inject only one of &amp;lt;ITestContext, XmlTest, Method, Object[], ITestResult&amp;gt; into a @AfterMethod annotated closeBroweser.
For more information on native dependency injection please refer to http://testng.org/doc/documentation-main.html#native-dependency-injection">
      <![CDATA[org.testng.TestNGException: 
Can inject only one of <ITestContext, XmlTest, Method, Object[], ITestResult> into a @AfterMethod annotated closeBroweser.
For more information on native dependency injection please refer to http://testng.org/doc/documentation-main.html#native-dependency-injection
... Removed 29 stack frames]]>
    </failure>
  </testcase> <!-- @AfterMethod closeBroweser -->
  <testcase name="@AfterMethod closeBroweser" time="0.0" classname="Library.BaseTest">
    <failure type="org.testng.TestNGException" message="
Can inject only one of &amp;lt;ITestContext, XmlTest, Method, Object[], ITestResult&amp;gt; into a @AfterMethod annotated closeBroweser.
For more information on native dependency injection please refer to http://testng.org/doc/documentation-main.html#native-dependency-injection">
      <![CDATA[org.testng.TestNGException: 
Can inject only one of <ITestContext, XmlTest, Method, Object[], ITestResult> into a @AfterMethod annotated closeBroweser.
For more information on native dependency injection please refer to http://testng.org/doc/documentation-main.html#native-dependency-injection
... Removed 29 stack frames]]>
    </failure>
  </testcase> <!-- @AfterMethod closeBroweser -->
  <testcase name="testFaceBookHkome" time="10.931" classname="testScript.Test1"/>
  <testcase name="testFaceBookHkome" time="26.26" classname="testScript.Test2"/>
</testsuite> <!-- Test -->
